<?xml version="1.0" encoding="utf-8"?>

<feed xmlns="http://www.w3.org/2005/Atom">

	<title>Example Feed</title>
	<subtitle>A subtitle.</subtitle>
	<link href="http://example.org/feed/" rel="self" />
	<link href="http://example.org/" />
	<id>123</id>
	<updated>2003-12-13T18:30:02Z</updated>
	
	
	<entry>
		<title>Test Title</title>
		<link href="http://example.org/2003/12/13/atom03" />
		<link rel="alternate" type="text/html" href="http://example.org/2003/12/13/atom03.html"/>
		<link rel="edit" href="http://example.org/2003/12/13/atom03/edit"/>
		<id>123123</id>
        <published>2003-11-09T17:23:02Z</published>
		<updated>2003-12-13T18:30:02Z</updated>
		<summary>Some text.</summary>
		<content type="xhtml">
			<div xmlns="http://www.w3.org/1999/xhtml">
				<p>This is the entry content.</p>
			</div>
		</content>
		<author>
			<name>John Doe</name>
			<email>johndoe@example.com</email>
		</author>
	</entry>

    <entry>
		<title>Test Title 2</title>
		<link href="http://example.org/2003/12/13/atom03" />
		<link rel="alternate" type="text/html" href="http://example.org/2003/12/13/atom03.html"/>
		<link rel="edit" href="http://example.org/2003/12/13/atom03/edit"/>
		<id>1231234</id>
        <published>2003-11-09T17:23:02Z</published>
		<updated>2003-12-13T18:30:02Z</updated>
		<summary>Some text.</summary>
		<content type="xhtml">
			<div xmlns="http://www.w3.org/1999/xhtml">
				<p>This is the entry content 2.</p>
			</div>
		</content>
		<author>
			<name>John Doe</name>
			<email>johndoe@example.com</email>
		</author>
	</entry>

</feed>